# JRE version: OpenJDK Runtime Environment (8.0_152-b01) (build 1.8.0_152-release-1343-b01)
# Java VM: OpenJDK 64-Bit Server VM (25.152-b01 mixed mode windows-amd64 compressed oops)
Heap:
 PSYoungGen      total 372224K, used 295124K [0x00000000e0000000, 0x00000000fbd80000, 0x0000000100000000)
  eden space 299008K, 98% used [0x00000000e0000000,0x00000000f2035308,0x00000000f2400000)
  from space 73216K, 0% used [0x00000000f2400000,0x00000000f2400000,0x00000000f6b80000)
  to   space 64000K, 0% used [0x00000000f6b80000,0x00000000f6b80000,0x00000000faa00000)
 ParOldGen       total 350208K, used 348087K [0x00000000a0000000, 0x00000000b5600000, 0x00000000e0000000)
  object space 350208K, 99% used [0x00000000a0000000,0x00000000b53edd28,0x00000000b5600000)
 Metaspace       used 84892K, capacity 87764K, committed 89776K, reserved 1126400K
  class space    used 10917K, capacity 11559K, committed 11952K, reserved 1048576K
GC Heap History (10 events):
Event: 1238.600 GC heap before
{Heap before GC invocations=67 (full 35):
 PSYoungGen      total 372224K, used 291883K [0x00000000e0000000, 0x00000000fbd80000, 0x0000000100000000)
  eden space 299008K, 97% used [0x00000000e0000000,0x00000000f1d0acc8,0x00000000f2400000)
  from space 73216K, 0% used [0x00000000f2400000,0x00000000f2400000,0x00000000f6b80000)
  to   space 64000K, 0% used [0x00000000f6b80000,0x00000000f6b80000,0x00000000faa00000)
 ParOldGen       total 350208K, used 346454K [0x00000000a0000000, 0x00000000b5600000, 0x00000000e0000000)
  object space 350208K, 98% used [0x00000000a0000000,0x00000000b5255800,0x00000000b5600000)
 Metaspace       used 85271K, capacity 88436K, committed 89776K, reserved 1126400K
  class space    used 10986K, capacity 11685K, committed 11952K, reserved 1048576K
Event: 1238.967 GC heap after
Heap after GC invocations=67 (full 35):
 PSYoungGen      total 372224K, used 287881K [0x00000000e0000000, 0x00000000fbd80000, 0x0000000100000000)
  eden space 299008K, 96% used [0x00000000e0000000,0x00000000f19225a8,0x00000000f2400000)
  from space 73216K, 0% used [0x00000000f2400000,0x00000000f2400000,0x00000000f6b80000)
  to   space 64000K, 0% used [0x00000000f6b80000,0x00000000f6b80000,0x00000000faa00000)
 ParOldGen       total 350208K, used 348088K [0x00000000a0000000, 0x00000000b5600000, 0x00000000e0000000)
  object space 350208K, 99% used [0x00000000a0000000,0x00000000b53ee2a8,0x00000000b5600000)
 Metaspace       used 84809K, capacity 87692K, committed 89776K, reserved 1126400K
  class space    used 10916K, capacity 11557K, committed 11952K, reserved 1048576K
}
Event: 1238.969 GC heap before
{Heap before GC invocations=68 (full 36):
 PSYoungGen      total 372224K, used 295535K [0x00000000e0000000, 0x00000000fbd80000, 0x0000000100000000)
  eden space 299008K, 98% used [0x00000000e0000000,0x00000000f209bcd8,0x00000000f2400000)
  from space 73216K, 0% used [0x00000000f2400000,0x00000000f2400000,0x00000000f6b80000)
  to   space 64000K, 0% used [0x00000000f6b80000,0x00000000f6b80000,0x00000000faa00000)
 ParOldGen       total 350208K, used 348088K [0x00000000a0000000, 0x00000000b5600000, 0x00000000e0000000)
  object space 350208K, 99% used [0x00000000a0000000,0x00000000b53ee2a8,0x00000000b5600000)
 Metaspace       used 84809K, capacity 87692K, committed 89776K, reserved 1126400K
  class space    used 10916K, capacity 11557K, committed 11952K, reserved 1048576K
Event: 1239.067 GC heap after
Heap after GC invocations=68 (full 36):
 PSYoungGen      total 372224K, used 291585K [0x00000000e0000000, 0x00000000fbd80000, 0x0000000100000000)
  eden space 299008K, 97% used [0x00000000e0000000,0x00000000f1cc05c0,0x00000000f2400000)
  from space 73216K, 0% used [0x00000000f2400000,0x00000000f2400000,0x00000000f6b80000)
  to   space 64000K, 0% used [0x00000000f6b80000,0x00000000f6b80000,0x00000000faa00000)
 ParOldGen       total 350208K, used 348088K [0x00000000a0000000, 0x00000000b5600000, 0x00000000e0000000)
  object space 350208K, 99% used [0x00000000a0000000,0x00000000b53ee2a8,0x00000000b5600000)
 Metaspace       used 84809K, capacity 87692K, committed 89776K, reserved 1126400K
  class space    used 10916K, capacity 11557K, committed 11952K, reserved 1048576K
}
Event: 1239.351 GC heap before
{Heap before GC invocations=69 (full 37):
 PSYoungGen      total 372224K, used 299008K [0x00000000e0000000, 0x00000000fbd80000, 0x0000000100000000)
  eden space 299008K, 100% used [0x00000000e0000000,0x00000000f2400000,0x00000000f2400000)
  from space 73216K, 0% used [0x00000000f2400000,0x00000000f2400000,0x00000000f6b80000)
  to   space 64000K, 0% used [0x00000000f6b80000,0x00000000f6b80000,0x00000000faa00000)
 ParOldGen       total 350208K, used 348088K [0x00000000a0000000, 0x00000000b5600000, 0x00000000e0000000)
  object space 350208K, 99% used [0x00000000a0000000,0x00000000b53ee2a8,0x00000000b5600000)
 Metaspace       used 84822K, capacity 87692K, committed 89776K, reserved 1126400K
  class space    used 10916K, capacity 11557K, committed 11952K, reserved 1048576K
Event: 1239.539 GC heap after
Heap after GC invocations=69 (full 37):
 PSYoungGen      total 372224K, used 289505K [0x00000000e0000000, 0x00000000fbd80000, 0x0000000100000000)
  eden space 299008K, 96% used [0x00000000e0000000,0x00000000f1ab86f8,0x00000000f2400000)
  from space 73216K, 0% used [0x00000000f2400000,0x00000000f2400000,0x00000000f6b80000)
  to   space 64000K, 0% used [0x00000000f6b80000,0x00000000f6b80000,0x00000000faa00000)
 ParOldGen       total 350208K, used 348088K [0x00000000a0000000, 0x00000000b5600000, 0x00000000e0000000)
  object space 350208K, 99% used [0x00000000a0000000,0x00000000b53ee280,0x00000000b5600000)
 Metaspace       used 84822K, capacity 87692K, committed 89776K, reserved 1126400K
  class space    used 10916K, capacity 11557K, committed 11952K, reserved 1048576K
}
Event: 1239.576 GC heap before
{Heap before GC invocations=70 (full 38):
 PSYoungGen      total 372224K, used 299008K [0x00000000e0000000, 0x00000000fbd80000, 0x0000000100000000)
  eden space 299008K, 100% used [0x00000000e0000000,0x00000000f2400000,0x00000000f2400000)
  from space 73216K, 0% used [0x00000000f2400000,0x00000000f2400000,0x00000000f6b80000)
  to   space 64000K, 0% used [0x00000000f6b80000,0x00000000f6b80000,0x00000000faa00000)
 ParOldGen       total 350208K, used 348088K [0x00000000a0000000, 0x00000000b5600000, 0x00000000e0000000)
  object space 350208K, 99% used [0x00000000a0000000,0x00000000b53ee280,0x00000000b5600000)
 Metaspace       used 84847K, capacity 87764K, committed 89776K, reserved 1126400K
  class space    used 10917K, capacity 11559K, committed 11952K, reserved 1048576K
Event: 1239.759 GC heap after
Heap after GC invocations=70 (full 38):
 PSYoungGen      total 372224K, used 290266K [0x00000000e0000000, 0x00000000fbd80000, 0x0000000100000000)
  eden space 299008K, 97% used [0x00000000e0000000,0x00000000f1b76b00,0x00000000f2400000)
  from space 73216K, 0% used [0x00000000f2400000,0x00000000f2400000,0x00000000f6b80000)
  to   space 64000K, 0% used [0x00000000f6b80000,0x00000000f6b80000,0x00000000faa00000)
 ParOldGen       total 350208K, used 348087K [0x00000000a0000000, 0x00000000b5600000, 0x00000000e0000000)
  object space 350208K, 99% used [0x00000000a0000000,0x00000000b53edd48,0x00000000b5600000)
 Metaspace       used 84847K, capacity 87764K, committed 89776K, reserved 1126400K
  class space    used 10917K, capacity 11559K, committed 11952K, reserved 1048576K
}
Event: 1239.779 GC heap before
{Heap before GC invocations=71 (full 39):
 PSYoungGen      total 372224K, used 299008K [0x00000000e0000000, 0x00000000fbd80000, 0x0000000100000000)
  eden space 299008K, 100% used [0x00000000e0000000,0x00000000f2400000,0x00000000f2400000)
  from space 73216K, 0% used [0x00000000f2400000,0x00000000f2400000,0x00000000f6b80000)
  to   space 64000K, 0% used [0x00000000f6b80000,0x00000000f6b80000,0x00000000faa00000)
 ParOldGen       total 350208K, used 348087K [0x00000000a0000000, 0x00000000b5600000, 0x00000000e0000000)
  object space 350208K, 99% used [0x00000000a0000000,0x00000000b53edd48,0x00000000b5600000)
 Metaspace       used 84857K, capacity 87764K, committed 89776K, reserved 1126400K
  class space    used 10917K, capacity 11559K, committed 11952K, reserved 1048576K
Event: 1239.952 GC heap after
Heap after GC invocations=71 (full 39):
 PSYoungGen      total 372224K, used 290835K [0x00000000e0000000, 0x00000000fbd80000, 0x0000000100000000)
  eden space 299008K, 97% used [0x00000000e0000000,0x00000000f1c04df0,0x00000000f2400000)
  from space 73216K, 0% used [0x00000000f2400000,0x00000000f2400000,0x00000000f6b80000)
  to   space 64000K, 0% used [0x00000000f6b80000,0x00000000f6b80000,0x00000000faa00000)
 ParOldGen       total 350208K, used 348087K [0x00000000a0000000, 0x00000000b5600000, 0x00000000e0000000)
  object space 350208K, 99% used [0x00000000a0000000,0x00000000b53edd28,0x00000000b5600000)
 Metaspace       used 84857K, capacity 87764K, committed 89776K, reserved 1126400K
  class space    used 10917K, capacity 11559K, committed 11952K, reserved 1048576K
}

