# JRE version: OpenJDK Runtime Environment (8.0_152-b01) (build 1.8.0_152-release-1343-b01)
# Java VM: OpenJDK 64-Bit Server VM (25.152-b01 mixed mode windows-amd64 compressed oops)
Heap:
 PSYoungGen      total 271872K, used 141153K [0x00000000e0000000, 0x00000000f5f80000, 0x0000000100000000)
  eden space 248832K, 56% used [0x00000000e0000000,0x00000000e89d84b0,0x00000000ef300000)
  from space 23040K, 0% used [0x00000000ef300000,0x00000000ef300000,0x00000000f0980000)
  to   space 24576K, 0% used [0x00000000f4780000,0x00000000f4780000,0x00000000f5f80000)
 ParOldGen       total 487936K, used 269536K [0x00000000a0000000, 0x00000000bdc80000, 0x00000000e0000000)
  object space 487936K, 55% used [0x00000000a0000000,0x00000000b07383f8,0x00000000bdc80000)
 Metaspace       used 63159K, capacity 65124K, committed 65328K, reserved 1105920K
  class space    used 8633K, capacity 9139K, committed 9264K, reserved 1048576K
GC Heap History (10 events):
Event: 15.944 GC heap before
{Heap before GC invocations=20 (full 3):
 PSYoungGen      total 214528K, used 209800K [0x00000000e0000000, 0x00000000ef500000, 0x0000000100000000)
  eden space 196096K, 99% used [0x00000000e0000000,0x00000000ebdb0070,0x00000000ebf80000)
  from space 18432K, 84% used [0x00000000ed300000,0x00000000ee2321f0,0x00000000ee500000)
  to   space 19968K, 0% used [0x00000000ebf80000,0x00000000ebf80000,0x00000000ed300000)
 ParOldGen       total 143872K, used 98457K [0x00000000a0000000, 0x00000000a8c80000, 0x00000000e0000000)
  object space 143872K, 68% used [0x00000000a0000000,0x00000000a60265f0,0x00000000a8c80000)
 Metaspace       used 59118K, capacity 60860K, committed 61104K, reserved 1101824K
  class space    used 8051K, capacity 8509K, committed 8624K, reserved 1048576K
Event: 15.971 GC heap after
Heap after GC invocations=20 (full 3):
 PSYoungGen      total 216064K, used 17286K [0x00000000e0000000, 0x00000000f2300000, 0x0000000100000000)
  eden space 196096K, 0% used [0x00000000e0000000,0x00000000e0000000,0x00000000ebf80000)
  from space 19968K, 86% used [0x00000000ebf80000,0x00000000ed061aa8,0x00000000ed300000)
  to   space 21504K, 0% used [0x00000000f0e00000,0x00000000f0e00000,0x00000000f2300000)
 ParOldGen       total 147968K, used 144830K [0x00000000a0000000, 0x00000000a9080000, 0x00000000e0000000)
  object space 147968K, 97% used [0x00000000a0000000,0x00000000a8d6f8a0,0x00000000a9080000)
 Metaspace       used 59118K, capacity 60860K, committed 61104K, reserved 1101824K
  class space    used 8051K, capacity 8509K, committed 8624K, reserved 1048576K
}
Event: 15.971 GC heap before
{Heap before GC invocations=21 (full 4):
 PSYoungGen      total 216064K, used 17286K [0x00000000e0000000, 0x00000000f2300000, 0x0000000100000000)
  eden space 196096K, 0% used [0x00000000e0000000,0x00000000e0000000,0x00000000ebf80000)
  from space 19968K, 86% used [0x00000000ebf80000,0x00000000ed061aa8,0x00000000ed300000)
  to   space 21504K, 0% used [0x00000000f0e00000,0x00000000f0e00000,0x00000000f2300000)
 ParOldGen       total 147968K, used 144830K [0x00000000a0000000, 0x00000000a9080000, 0x00000000e0000000)
  object space 147968K, 97% used [0x00000000a0000000,0x00000000a8d6f8a0,0x00000000a9080000)
 Metaspace       used 59118K, capacity 60860K, committed 61104K, reserved 1101824K
  class space    used 8051K, capacity 8509K, committed 8624K, reserved 1048576K
Event: 16.275 GC heap after
Heap after GC invocations=21 (full 4):
 PSYoungGen      total 216064K, used 12007K [0x00000000e0000000, 0x00000000f2300000, 0x0000000100000000)
  eden space 196096K, 0% used [0x00000000e0000000,0x00000000e0000000,0x00000000ebf80000)
  from space 19968K, 60% used [0x00000000ebf80000,0x00000000ecb39cd8,0x00000000ed300000)
  to   space 21504K, 0% used [0x00000000f0e00000,0x00000000f0e00000,0x00000000f2300000)
 ParOldGen       total 316416K, used 147678K [0x00000000a0000000, 0x00000000b3500000, 0x00000000e0000000)
  object space 316416K, 46% used [0x00000000a0000000,0x00000000a9037a78,0x00000000b3500000)
 Metaspace       used 59118K, capacity 60860K, committed 61104K, reserved 1101824K
  class space    used 8051K, capacity 8509K, committed 8624K, reserved 1048576K
}
Event: 16.453 GC heap before
{Heap before GC invocations=22 (full 4):
 PSYoungGen      total 216064K, used 205683K [0x00000000e0000000, 0x00000000f2300000, 0x0000000100000000)
  eden space 196096K, 98% used [0x00000000e0000000,0x00000000ebd231f0,0x00000000ebf80000)
  from space 19968K, 60% used [0x00000000ebf80000,0x00000000ecb39cd8,0x00000000ed300000)
  to   space 21504K, 0% used [0x00000000f0e00000,0x00000000f0e00000,0x00000000f2300000)
 ParOldGen       total 316416K, used 147678K [0x00000000a0000000, 0x00000000b3500000, 0x00000000e0000000)
  object space 316416K, 46% used [0x00000000a0000000,0x00000000a9037a78,0x00000000b3500000)
 Metaspace       used 59118K, capacity 60860K, committed 61104K, reserved 1101824K
  class space    used 8051K, capacity 8509K, committed 8624K, reserved 1048576K
Event: 16.480 GC heap after
Heap after GC invocations=22 (full 4):
 PSYoungGen      total 265216K, used 18119K [0x00000000e0000000, 0x00000000f2000000, 0x0000000100000000)
  eden space 246784K, 0% used [0x00000000e0000000,0x00000000e0000000,0x00000000ef100000)
  from space 18432K, 98% used [0x00000000f0e00000,0x00000000f1fb1cf8,0x00000000f2000000)
  to   space 23040K, 0% used [0x00000000ef300000,0x00000000ef300000,0x00000000f0980000)
 ParOldGen       total 316416K, used 195707K [0x00000000a0000000, 0x00000000b3500000, 0x00000000e0000000)
  object space 316416K, 61% used [0x00000000a0000000,0x00000000abf1ee78,0x00000000b3500000)
 Metaspace       used 59118K, capacity 60860K, committed 61104K, reserved 1101824K
  class space    used 8051K, capacity 8509K, committed 8624K, reserved 1048576K
}
Event: 16.694 GC heap before
{Heap before GC invocations=23 (full 4):
 PSYoungGen      total 265216K, used 261314K [0x00000000e0000000, 0x00000000f2000000, 0x0000000100000000)
  eden space 246784K, 98% used [0x00000000e0000000,0x00000000eed7ebf8,0x00000000ef100000)
  from space 18432K, 98% used [0x00000000f0e00000,0x00000000f1fb1cf8,0x00000000f2000000)
  to   space 23040K, 0% used [0x00000000ef300000,0x00000000ef300000,0x00000000f0980000)
 ParOldGen       total 316416K, used 195707K [0x00000000a0000000, 0x00000000b3500000, 0x00000000e0000000)
  object space 316416K, 61% used [0x00000000a0000000,0x00000000abf1ee78,0x00000000b3500000)
 Metaspace       used 59118K, capacity 60860K, committed 61104K, reserved 1101824K
  class space    used 8051K, capacity 8509K, committed 8624K, reserved 1048576K
Event: 16.713 GC heap after
Heap after GC invocations=23 (full 4):
 PSYoungGen      total 271872K, used 19113K [0x00000000e0000000, 0x00000000f5f80000, 0x0000000100000000)
  eden space 248832K, 0% used [0x00000000e0000000,0x00000000e0000000,0x00000000ef300000)
  from space 23040K, 82% used [0x00000000ef300000,0x00000000f05aa780,0x00000000f0980000)
  to   space 24576K, 0% used [0x00000000f4780000,0x00000000f4780000,0x00000000f5f80000)
 ParOldGen       total 316416K, used 256373K [0x00000000a0000000, 0x00000000b3500000, 0x00000000e0000000)
  object space 316416K, 81% used [0x00000000a0000000,0x00000000afa5d650,0x00000000b3500000)
 Metaspace       used 59118K, capacity 60860K, committed 61104K, reserved 1101824K
  class space    used 8051K, capacity 8509K, committed 8624K, reserved 1048576K
}
Event: 16.713 GC heap before
{Heap before GC invocations=24 (full 5):
 PSYoungGen      total 271872K, used 19113K [0x00000000e0000000, 0x00000000f5f80000, 0x0000000100000000)
  eden space 248832K, 0% used [0x00000000e0000000,0x00000000e0000000,0x00000000ef300000)
  from space 23040K, 82% used [0x00000000ef300000,0x00000000f05aa780,0x00000000f0980000)
  to   space 24576K, 0% used [0x00000000f4780000,0x00000000f4780000,0x00000000f5f80000)
 ParOldGen       total 316416K, used 256373K [0x00000000a0000000, 0x00000000b3500000, 0x00000000e0000000)
  object space 316416K, 81% used [0x00000000a0000000,0x00000000afa5d650,0x00000000b3500000)
 Metaspace       used 59118K, capacity 60860K, committed 61104K, reserved 1101824K
  class space    used 8051K, capacity 8509K, committed 8624K, reserved 1048576K
Event: 16.798 GC heap after
Heap after GC invocations=24 (full 5):
 PSYoungGen      total 271872K, used 0K [0x00000000e0000000, 0x00000000f5f80000, 0x0000000100000000)
  eden space 248832K, 0% used [0x00000000e0000000,0x00000000e0000000,0x00000000ef300000)
  from space 23040K, 0% used [0x00000000ef300000,0x00000000ef300000,0x00000000f0980000)
  to   space 24576K, 0% used [0x00000000f4780000,0x00000000f4780000,0x00000000f5f80000)
 ParOldGen       total 487936K, used 269536K [0x00000000a0000000, 0x00000000bdc80000, 0x00000000e0000000)
  object space 487936K, 55% used [0x00000000a0000000,0x00000000b07383f8,0x00000000bdc80000)
 Metaspace       used 59118K, capacity 60860K, committed 61104K, reserved 1101824K
  class space    used 8051K, capacity 8509K, committed 8624K, reserved 1048576K
}

